Command line invocation:
    /Applications/Xcode.app/Contents/Developer/usr/bin/xcodebuild -scheme IntPerInt -project IntPerInt.xcodeproj -configuration Debug -destination platform=macOS clean build

ComputePackagePrebuildTargetDependencyGraph

CreateBuildRequest

SendProjectDescription

CreateBuildOperation

** CLEAN SUCCEEDED **

ComputePackagePrebuildTargetDependencyGraph

Prepare packages

CreateBuildRequest

SendProjectDescription

CreateBuildOperation

ComputeTargetDependencyGraph
note: Building targets in dependency order
note: Target dependency graph (1 target)
    Target 'IntPerInt' in project 'IntPerInt' (no dependencies)

GatherProvisioningInputs

CreateBuildDescription

ExecuteExternalTool /Applications/Xcode.app/Contents/Developer/Toolchains/XcodeDefault.xctoolchain/usr/bin/clang -v -E -dM -isysroot /Applications/Xcode.app/Contents/Developer/Platforms/MacOSX.platform/Developer/SDKs/MacOSX15.5.sdk -x c -c /dev/null

ExecuteExternalTool /Applications/Xcode.app/Contents/Developer/Toolchains/XcodeDefault.xctoolchain/usr/bin/clang -v -E -dM -arch arm64 -isysroot /Applications/Xcode.app/Contents/Developer/Platforms/MacOSX.platform/Developer/SDKs/MacOSX15.5.sdk -x objective-c++ -c /dev/null

ExecuteExternalTool /Applications/Xcode.app/Contents/Developer/usr/bin/actool --version --output-format xml1

ExecuteExternalTool /Applications/Xcode.app/Contents/Developer/Toolchains/XcodeDefault.xctoolchain/usr/bin/swiftc --version

ExecuteExternalTool /Applications/Xcode.app/Contents/Developer/Toolchains/XcodeDefault.xctoolchain/usr/bin/ld -version_details

ExecuteExternalTool /Applications/Xcode.app/Contents/Developer/Toolchains/XcodeDefault.xctoolchain/usr/bin/clang -v -E -dM -arch arm64 -isysroot /Applications/Xcode.app/Contents/Developer/Platforms/MacOSX.platform/Developer/SDKs/MacOSX15.5.sdk -x c -c /dev/null

Build description signature: 1813936dc4340d7e654bc16eae651dae
Build description path: /Users/0xt4/Library/Developer/Xcode/DerivedData/IntPerInt-droxnoxejwlnnzcctvclnwowhmtn/Build/Intermediates.noindex/XCBuildData/1813936dc4340d7e654bc16eae651dae.xcbuilddata
ClangStatCache /Applications/Xcode.app/Contents/Developer/Toolchains/XcodeDefault.xctoolchain/usr/bin/clang-stat-cache /Applications/Xcode.app/Contents/Developer/Platforms/MacOSX.platform/Developer/SDKs/MacOSX15.5.sdk /Users/0xt4/Library/Developer/Xcode/DerivedData/SDKStatCaches.noindex/macosx15.5-24F74-8254517eb8b97d462ccbc072ba9094c9.sdkstatcache
    cd /Users/0xt4/Projects/IntPerInt/IntPerInt.xcodeproj
    /Applications/Xcode.app/Contents/Developer/Toolchains/XcodeDefault.xctoolchain/usr/bin/clang-stat-cache /Applications/Xcode.app/Contents/Developer/Platforms/MacOSX.platform/Developer/SDKs/MacOSX15.5.sdk -o /Users/0xt4/Library/Developer/Xcode/DerivedData/SDKStatCaches.noindex/macosx15.5-24F74-8254517eb8b97d462ccbc072ba9094c9.sdkstatcache

CreateBuildDirectory /Users/0xt4/Library/Developer/Xcode/DerivedData/IntPerInt-droxnoxejwlnnzcctvclnwowhmtn/Build/Products
    cd /Users/0xt4/Projects/IntPerInt/IntPerInt.xcodeproj
    builtin-create-build-directory /Users/0xt4/Library/Developer/Xcode/DerivedData/IntPerInt-droxnoxejwlnnzcctvclnwowhmtn/Build/Products

CreateBuildDirectory /Users/0xt4/Library/Developer/Xcode/DerivedData/IntPerInt-droxnoxejwlnnzcctvclnwowhmtn/Build/Intermediates.noindex
    cd /Users/0xt4/Projects/IntPerInt/IntPerInt.xcodeproj
    builtin-create-build-directory /Users/0xt4/Library/Developer/Xcode/DerivedData/IntPerInt-droxnoxejwlnnzcctvclnwowhmtn/Build/Intermediates.noindex

CreateBuildDirectory /Users/0xt4/Library/Developer/Xcode/DerivedData/IntPerInt-droxnoxejwlnnzcctvclnwowhmtn/Build/Products/Debug
    cd /Users/0xt4/Projects/IntPerInt/IntPerInt.xcodeproj
    builtin-create-build-directory /Users/0xt4/Library/Developer/Xcode/DerivedData/IntPerInt-droxnoxejwlnnzcctvclnwowhmtn/Build/Products/Debug

CreateBuildDirectory /Users/0xt4/Library/Developer/Xcode/DerivedData/IntPerInt-droxnoxejwlnnzcctvclnwowhmtn/Build/Intermediates.noindex/EagerLinkingTBDs/Debug
    cd /Users/0xt4/Projects/IntPerInt/IntPerInt.xcodeproj
    builtin-create-build-directory /Users/0xt4/Library/Developer/Xcode/DerivedData/IntPerInt-droxnoxejwlnnzcctvclnwowhmtn/Build/Intermediates.noindex/EagerLinkingTBDs/Debug

WriteAuxiliaryFile /Users/0xt4/Library/Developer/Xcode/DerivedData/IntPerInt-droxnoxejwlnnzcctvclnwowhmtn/Build/Intermediates.noindex/IntPerInt.build/Debug/IntPerInt-cf92e7dce77689b811a55722e1ae02f8-VFS/all-product-headers.yaml
    cd /Users/0xt4/Projects/IntPerInt/IntPerInt.xcodeproj
    write-file /Users/0xt4/Library/Developer/Xcode/DerivedData/IntPerInt-droxnoxejwlnnzcctvclnwowhmtn/Build/Intermediates.noindex/IntPerInt.build/Debug/IntPerInt-cf92e7dce77689b811a55722e1ae02f8-VFS/all-product-headers.yaml

WriteAuxiliaryFile /Users/0xt4/Library/Developer/Xcode/DerivedData/IntPerInt-droxnoxejwlnnzcctvclnwowhmtn/Build/Intermediates.noindex/IntPerInt.build/Debug/IntPerInt.build/IntPerInt-own-target-headers.hmap (in target 'IntPerInt' from project 'IntPerInt')
    cd /Users/0xt4/Projects/IntPerInt
    write-file /Users/0xt4/Library/Developer/Xcode/DerivedData/IntPerInt-droxnoxejwlnnzcctvclnwowhmtn/Build/Intermediates.noindex/IntPerInt.build/Debug/IntPerInt.build/IntPerInt-own-target-headers.hmap

WriteAuxiliaryFile /Users/0xt4/Library/Developer/Xcode/DerivedData/IntPerInt-droxnoxejwlnnzcctvclnwowhmtn/Build/Intermediates.noindex/IntPerInt.build/Debug/IntPerInt.build/IntPerInt-generated-files.hmap (in target 'IntPerInt' from project 'IntPerInt')
    cd /Users/0xt4/Projects/IntPerInt
    write-file /Users/0xt4/Library/Developer/Xcode/DerivedData/IntPerInt-droxnoxejwlnnzcctvclnwowhmtn/Build/Intermediates.noindex/IntPerInt.build/Debug/IntPerInt.build/IntPerInt-generated-files.hmap

WriteAuxiliaryFile /Users/0xt4/Library/Developer/Xcode/DerivedData/IntPerInt-droxnoxejwlnnzcctvclnwowhmtn/Build/Intermediates.noindex/IntPerInt.build/Debug/IntPerInt.build/IntPerInt-all-non-framework-target-headers.hmap (in target 'IntPerInt' from project 'IntPerInt')
    cd /Users/0xt4/Projects/IntPerInt
    write-file /Users/0xt4/Library/Developer/Xcode/DerivedData/IntPerInt-droxnoxejwlnnzcctvclnwowhmtn/Build/Intermediates.noindex/IntPerInt.build/Debug/IntPerInt.build/IntPerInt-all-non-framework-target-headers.hmap

WriteAuxiliaryFile /Users/0xt4/Library/Developer/Xcode/DerivedData/IntPerInt-droxnoxejwlnnzcctvclnwowhmtn/Build/Intermediates.noindex/IntPerInt.build/Debug/IntPerInt.build/IntPerInt-all-target-headers.hmap (in target 'IntPerInt' from project 'IntPerInt')
    cd /Users/0xt4/Projects/IntPerInt
    write-file /Users/0xt4/Library/Developer/Xcode/DerivedData/IntPerInt-droxnoxejwlnnzcctvclnwowhmtn/Build/Intermediates.noindex/IntPerInt.build/Debug/IntPerInt.build/IntPerInt-all-target-headers.hmap

WriteAuxiliaryFile /Users/0xt4/Library/Developer/Xcode/DerivedData/IntPerInt-droxnoxejwlnnzcctvclnwowhmtn/Build/Intermediates.noindex/IntPerInt.build/Debug/IntPerInt.build/IntPerInt.hmap (in target 'IntPerInt' from project 'IntPerInt')
    cd /Users/0xt4/Projects/IntPerInt
    write-file /Users/0xt4/Library/Developer/Xcode/DerivedData/IntPerInt-droxnoxejwlnnzcctvclnwowhmtn/Build/Intermediates.noindex/IntPerInt.build/Debug/IntPerInt.build/IntPerInt.hmap

WriteAuxiliaryFile /Users/0xt4/Library/Developer/Xcode/DerivedData/IntPerInt-droxnoxejwlnnzcctvclnwowhmtn/Build/Intermediates.noindex/IntPerInt.build/Debug/IntPerInt.build/empty-IntPerInt.plist (in target 'IntPerInt' from project 'IntPerInt')
    cd /Users/0xt4/Projects/IntPerInt
    write-file /Users/0xt4/Library/Developer/Xcode/DerivedData/IntPerInt-droxnoxejwlnnzcctvclnwowhmtn/Build/Intermediates.noindex/IntPerInt.build/Debug/IntPerInt.build/empty-IntPerInt.plist

WriteAuxiliaryFile /Users/0xt4/Library/Developer/Xcode/DerivedData/IntPerInt-droxnoxejwlnnzcctvclnwowhmtn/Build/Intermediates.noindex/IntPerInt.build/Debug/IntPerInt.build/IntPerInt-DebugDylibPath-normal-arm64.txt (in target 'IntPerInt' from project 'IntPerInt')
    cd /Users/0xt4/Projects/IntPerInt
    write-file /Users/0xt4/Library/Developer/Xcode/DerivedData/IntPerInt-droxnoxejwlnnzcctvclnwowhmtn/Build/Intermediates.noindex/IntPerInt.build/Debug/IntPerInt.build/IntPerInt-DebugDylibPath-normal-arm64.txt

WriteAuxiliaryFile /Users/0xt4/Library/Developer/Xcode/DerivedData/IntPerInt-droxnoxejwlnnzcctvclnwowhmtn/Build/Intermediates.noindex/IntPerInt.build/Debug/IntPerInt.build/IntPerInt-DebugDylibInstallName-normal-arm64.txt (in target 'IntPerInt' from project 'IntPerInt')
    cd /Users/0xt4/Projects/IntPerInt
    write-file /Users/0xt4/Library/Developer/Xcode/DerivedData/IntPerInt-droxnoxejwlnnzcctvclnwowhmtn/Build/Intermediates.noindex/IntPerInt.build/Debug/IntPerInt.build/IntPerInt-DebugDylibInstallName-normal-arm64.txt

WriteAuxiliaryFile /Users/0xt4/Library/Developer/Xcode/DerivedData/IntPerInt-droxnoxejwlnnzcctvclnwowhmtn/Build/Intermediates.noindex/IntPerInt.build/Debug/IntPerInt.build/IntPerInt-project-headers.hmap (in target 'IntPerInt' from project 'IntPerInt')
    cd /Users/0xt4/Projects/IntPerInt
    write-file /Users/0xt4/Library/Developer/Xcode/DerivedData/IntPerInt-droxnoxejwlnnzcctvclnwowhmtn/Build/Intermediates.noindex/IntPerInt.build/Debug/IntPerInt.build/IntPerInt-project-headers.hmap

WriteAuxiliaryFile /Users/0xt4/Library/Developer/Xcode/DerivedData/IntPerInt-droxnoxejwlnnzcctvclnwowhmtn/Build/Intermediates.noindex/IntPerInt.build/Debug/IntPerInt.build/Objects-normal/arm64/IntPerInt_const_extract_protocols.json (in target 'IntPerInt' from project 'IntPerInt')
    cd /Users/0xt4/Projects/IntPerInt
    write-file /Users/0xt4/Library/Developer/Xcode/DerivedData/IntPerInt-droxnoxejwlnnzcctvclnwowhmtn/Build/Intermediates.noindex/IntPerInt.build/Debug/IntPerInt.build/Objects-normal/arm64/IntPerInt_const_extract_protocols.json

WriteAuxiliaryFile /Users/0xt4/Library/Developer/Xcode/DerivedData/IntPerInt-droxnoxejwlnnzcctvclnwowhmtn/Build/Intermediates.noindex/IntPerInt.build/Debug/IntPerInt.build/Objects-normal/arm64/IntPerInt.SwiftConstValuesFileList (in target 'IntPerInt' from project 'IntPerInt')
    cd /Users/0xt4/Projects/IntPerInt
    write-file /Users/0xt4/Library/Developer/Xcode/DerivedData/IntPerInt-droxnoxejwlnnzcctvclnwowhmtn/Build/Intermediates.noindex/IntPerInt.build/Debug/IntPerInt.build/Objects-normal/arm64/IntPerInt.SwiftConstValuesFileList

WriteAuxiliaryFile /Users/0xt4/Library/Developer/Xcode/DerivedData/IntPerInt-droxnoxejwlnnzcctvclnwowhmtn/Build/Intermediates.noindex/IntPerInt.build/Debug/IntPerInt.build/Objects-normal/arm64/IntPerInt-OutputFileMap.json (in target 'IntPerInt' from project 'IntPerInt')
    cd /Users/0xt4/Projects/IntPerInt
    write-file /Users/0xt4/Library/Developer/Xcode/DerivedData/IntPerInt-droxnoxejwlnnzcctvclnwowhmtn/Build/Intermediates.noindex/IntPerInt.build/Debug/IntPerInt.build/Objects-normal/arm64/IntPerInt-OutputFileMap.json

WriteAuxiliaryFile /Users/0xt4/Library/Developer/Xcode/DerivedData/IntPerInt-droxnoxejwlnnzcctvclnwowhmtn/Build/Intermediates.noindex/IntPerInt.build/Debug/IntPerInt.build/Objects-normal/arm64/IntPerInt.SwiftFileList (in target 'IntPerInt' from project 'IntPerInt')
    cd /Users/0xt4/Projects/IntPerInt
    write-file /Users/0xt4/Library/Developer/Xcode/DerivedData/IntPerInt-droxnoxejwlnnzcctvclnwowhmtn/Build/Intermediates.noindex/IntPerInt.build/Debug/IntPerInt.build/Objects-normal/arm64/IntPerInt.SwiftFileList

WriteAuxiliaryFile /Users/0xt4/Library/Developer/Xcode/DerivedData/IntPerInt-droxnoxejwlnnzcctvclnwowhmtn/Build/Intermediates.noindex/IntPerInt.build/Debug/IntPerInt.build/Objects-normal/arm64/af3fcb34312c57c0f52879cdce924b91-common-args.resp (in target 'IntPerInt' from project 'IntPerInt')
    cd /Users/0xt4/Projects/IntPerInt
    write-file /Users/0xt4/Library/Developer/Xcode/DerivedData/IntPerInt-droxnoxejwlnnzcctvclnwowhmtn/Build/Intermediates.noindex/IntPerInt.build/Debug/IntPerInt.build/Objects-normal/arm64/af3fcb34312c57c0f52879cdce924b91-common-args.resp
-target arm64-apple-macos13.0 '-std=gnu++20' -fobjc-arc -fobjc-weak -fmodules -fno-cxx-modules -gmodules '-fmodules-cache-path=/Users/0xt4/Library/Developer/Xcode/DerivedData/ModuleCache.noindex' '-D_LIBCPP_HARDENING_MODE=_LIBCPP_HARDENING_MODE_DEBUG' -fpascal-strings -O0 -fno-common '-DDEBUG=1' '-DOBJC_OLD_DISPATCH_PROTOTYPES=0' -isysroot /Applications/Xcode.app/Contents/Developer/Platforms/MacOSX.platform/Developer/SDKs/MacOSX15.5.sdk -g -fvisibility-inlines-hidden -fprofile-instr-generate -fcoverage-mapping -iquote /Users/0xt4/Library/Developer/Xcode/DerivedData/IntPerInt-droxnoxejwlnnzcctvclnwowhmtn/Build/Intermediates.noindex/IntPerInt.build/Debug/IntPerInt.build/IntPerInt-generated-files.hmap -I/Users/0xt4/Library/Developer/Xcode/DerivedData/IntPerInt-droxnoxejwlnnzcctvclnwowhmtn/Build/Intermediates.noindex/IntPerInt.build/Debug/IntPerInt.build/IntPerInt-own-target-headers.hmap -I/Users/0xt4/Library/Developer/Xcode/DerivedData/IntPerInt-droxnoxejwlnnzcctvclnwowhmtn/Build/Intermediates.noindex/IntPerInt.build/Debug/IntPerInt.build/IntPerInt-all-target-headers.hmap -iquote /Users/0xt4/Library/Developer/Xcode/DerivedData/IntPerInt-droxnoxejwlnnzcctvclnwowhmtn/Build/Intermediates.noindex/IntPerInt.build/Debug/IntPerInt.build/IntPerInt-project-headers.hmap -I/Users/0xt4/Library/Developer/Xcode/DerivedData/IntPerInt-droxnoxejwlnnzcctvclnwowhmtn/Build/Products/Debug/include -I/Users/0xt4/Library/Developer/Xcode/DerivedData/IntPerInt-droxnoxejwlnnzcctvclnwowhmtn/Build/Intermediates.noindex/IntPerInt.build/Debug/IntPerInt.build/DerivedSources-normal/arm64 -I/Users/0xt4/Library/Developer/Xcode/DerivedData/IntPerInt-droxnoxejwlnnzcctvclnwowhmtn/Build/Intermediates.noindex/IntPerInt.build/Debug/IntPerInt.build/DerivedSources/arm64 -I/Users/0xt4/Library/Developer/Xcode/DerivedData/IntPerInt-droxnoxejwlnnzcctvclnwowhmtn/Build/Intermediates.noindex/IntPerInt.build/Debug/IntPerInt.build/DerivedSources -F/Users/0xt4/Library/Developer/Xcode/DerivedData/IntPerInt-droxnoxejwlnnzcctvclnwowhmtn/Build/Products/Debug

WriteAuxiliaryFile /Users/0xt4/Library/Developer/Xcode/DerivedData/IntPerInt-droxnoxejwlnnzcctvclnwowhmtn/Build/Intermediates.noindex/IntPerInt.build/Debug/IntPerInt.build/DerivedSources/Entitlements.plist (in target 'IntPerInt' from project 'IntPerInt')
    cd /Users/0xt4/Projects/IntPerInt
    write-file /Users/0xt4/Library/Developer/Xcode/DerivedData/IntPerInt-droxnoxejwlnnzcctvclnwowhmtn/Build/Intermediates.noindex/IntPerInt.build/Debug/IntPerInt.build/DerivedSources/Entitlements.plist

WriteAuxiliaryFile /Users/0xt4/Library/Developer/Xcode/DerivedData/IntPerInt-droxnoxejwlnnzcctvclnwowhmtn/Build/Intermediates.noindex/IntPerInt.build/Debug/IntPerInt.build/Objects-normal/arm64/IntPerInt.LinkFileList (in target 'IntPerInt' from project 'IntPerInt')
    cd /Users/0xt4/Projects/IntPerInt
    write-file /Users/0xt4/Library/Developer/Xcode/DerivedData/IntPerInt-droxnoxejwlnnzcctvclnwowhmtn/Build/Intermediates.noindex/IntPerInt.build/Debug/IntPerInt.build/Objects-normal/arm64/IntPerInt.LinkFileList

WriteAuxiliaryFile /Users/0xt4/Library/Developer/Xcode/DerivedData/IntPerInt-droxnoxejwlnnzcctvclnwowhmtn/Build/Intermediates.noindex/IntPerInt.build/Debug/IntPerInt.build/IntPerInt.DependencyStaticMetadataFileList (in target 'IntPerInt' from project 'IntPerInt')
    cd /Users/0xt4/Projects/IntPerInt
    write-file /Users/0xt4/Library/Developer/Xcode/DerivedData/IntPerInt-droxnoxejwlnnzcctvclnwowhmtn/Build/Intermediates.noindex/IntPerInt.build/Debug/IntPerInt.build/IntPerInt.DependencyStaticMetadataFileList

WriteAuxiliaryFile /Users/0xt4/Library/Developer/Xcode/DerivedData/IntPerInt-droxnoxejwlnnzcctvclnwowhmtn/Build/Intermediates.noindex/IntPerInt.build/Debug/IntPerInt.build/IntPerInt.DependencyMetadataFileList (in target 'IntPerInt' from project 'IntPerInt')
    cd /Users/0xt4/Projects/IntPerInt
    write-file /Users/0xt4/Library/Developer/Xcode/DerivedData/IntPerInt-droxnoxejwlnnzcctvclnwowhmtn/Build/Intermediates.noindex/IntPerInt.build/Debug/IntPerInt.build/IntPerInt.DependencyMetadataFileList

MkDir /Users/0xt4/Library/Developer/Xcode/DerivedData/IntPerInt-droxnoxejwlnnzcctvclnwowhmtn/Build/Products/Debug/IntPerInt.app/Contents (in target 'IntPerInt' from project 'IntPerInt')
    cd /Users/0xt4/Projects/IntPerInt
    /bin/mkdir -p /Users/0xt4/Library/Developer/Xcode/DerivedData/IntPerInt-droxnoxejwlnnzcctvclnwowhmtn/Build/Products/Debug/IntPerInt.app/Contents

MkDir /Users/0xt4/Library/Developer/Xcode/DerivedData/IntPerInt-droxnoxejwlnnzcctvclnwowhmtn/Build/Products/Debug/IntPerInt.app (in target 'IntPerInt' from project 'IntPerInt')
    cd /Users/0xt4/Projects/IntPerInt
    /bin/mkdir -p /Users/0xt4/Library/Developer/Xcode/DerivedData/IntPerInt-droxnoxejwlnnzcctvclnwowhmtn/Build/Products/Debug/IntPerInt.app

MkDir /Users/0xt4/Library/Developer/Xcode/DerivedData/IntPerInt-droxnoxejwlnnzcctvclnwowhmtn/Build/Products/Debug/IntPerInt.app/Contents/Resources (in target 'IntPerInt' from project 'IntPerInt')
    cd /Users/0xt4/Projects/IntPerInt
    /bin/mkdir -p /Users/0xt4/Library/Developer/Xcode/DerivedData/IntPerInt-droxnoxejwlnnzcctvclnwowhmtn/Build/Products/Debug/IntPerInt.app/Contents/Resources

MkDir /Users/0xt4/Library/Developer/Xcode/DerivedData/IntPerInt-droxnoxejwlnnzcctvclnwowhmtn/Build/Products/Debug/IntPerInt.app/Contents/MacOS (in target 'IntPerInt' from project 'IntPerInt')
    cd /Users/0xt4/Projects/IntPerInt
    /bin/mkdir -p /Users/0xt4/Library/Developer/Xcode/DerivedData/IntPerInt-droxnoxejwlnnzcctvclnwowhmtn/Build/Products/Debug/IntPerInt.app/Contents/MacOS

ValidateDevelopmentAssets /Users/0xt4/Library/Developer/Xcode/DerivedData/IntPerInt-droxnoxejwlnnzcctvclnwowhmtn/Build/Intermediates.noindex/IntPerInt.build/Debug/IntPerInt.build (in target 'IntPerInt' from project 'IntPerInt')
    cd /Users/0xt4/Projects/IntPerInt
    builtin-validate-development-assets --validate YES_ERROR /Users/0xt4/Projects/IntPerInt/IntPerInt/Preview\ Content

ProcessProductPackaging /Users/0xt4/Projects/IntPerInt/IntPerInt/IntPerInt.entitlements /Users/0xt4/Library/Developer/Xcode/DerivedData/IntPerInt-droxnoxejwlnnzcctvclnwowhmtn/Build/Intermediates.noindex/IntPerInt.build/Debug/IntPerInt.build/IntPerInt.app.xcent (in target 'IntPerInt' from project 'IntPerInt')
    cd /Users/0xt4/Projects/IntPerInt
    
    Entitlements:
    
    {
    "com.apple.security.app-sandbox" = 1;
    "com.apple.security.files.downloads.read-write" = 1;
    "com.apple.security.files.user-selected.read-write" = 1;
    "com.apple.security.get-task-allow" = 1;
    "com.apple.security.network.client" = 1;
}
    
    builtin-productPackagingUtility /Users/0xt4/Projects/IntPerInt/IntPerInt/IntPerInt.entitlements -entitlements -format xml -o /Users/0xt4/Library/Developer/Xcode/DerivedData/IntPerInt-droxnoxejwlnnzcctvclnwowhmtn/Build/Intermediates.noindex/IntPerInt.build/Debug/IntPerInt.build/IntPerInt.app.xcent

ProcessProductPackagingDER /Users/0xt4/Library/Developer/Xcode/DerivedData/IntPerInt-droxnoxejwlnnzcctvclnwowhmtn/Build/Intermediates.noindex/IntPerInt.build/Debug/IntPerInt.build/IntPerInt.app.xcent /Users/0xt4/Library/Developer/Xcode/DerivedData/IntPerInt-droxnoxejwlnnzcctvclnwowhmtn/Build/Intermediates.noindex/IntPerInt.build/Debug/IntPerInt.build/IntPerInt.app.xcent.der (in target 'IntPerInt' from project 'IntPerInt')
    cd /Users/0xt4/Projects/IntPerInt
    /usr/bin/derq query -f xml -i /Users/0xt4/Library/Developer/Xcode/DerivedData/IntPerInt-droxnoxejwlnnzcctvclnwowhmtn/Build/Intermediates.noindex/IntPerInt.build/Debug/IntPerInt.build/IntPerInt.app.xcent -o /Users/0xt4/Library/Developer/Xcode/DerivedData/IntPerInt-droxnoxejwlnnzcctvclnwowhmtn/Build/Intermediates.noindex/IntPerInt.build/Debug/IntPerInt.build/IntPerInt.app.xcent.der --raw

MkDir /Users/0xt4/Library/Developer/Xcode/DerivedData/IntPerInt-droxnoxejwlnnzcctvclnwowhmtn/Build/Intermediates.noindex/IntPerInt.build/Debug/IntPerInt.build/assetcatalog_output/unthinned (in target 'IntPerInt' from project 'IntPerInt')
    cd /Users/0xt4/Projects/IntPerInt
    /bin/mkdir -p /Users/0xt4/Library/Developer/Xcode/DerivedData/IntPerInt-droxnoxejwlnnzcctvclnwowhmtn/Build/Intermediates.noindex/IntPerInt.build/Debug/IntPerInt.build/assetcatalog_output/unthinned

MkDir /Users/0xt4/Library/Developer/Xcode/DerivedData/IntPerInt-droxnoxejwlnnzcctvclnwowhmtn/Build/Intermediates.noindex/IntPerInt.build/Debug/IntPerInt.build/assetcatalog_output/thinned (in target 'IntPerInt' from project 'IntPerInt')
    cd /Users/0xt4/Projects/IntPerInt
    /bin/mkdir -p /Users/0xt4/Library/Developer/Xcode/DerivedData/IntPerInt-droxnoxejwlnnzcctvclnwowhmtn/Build/Intermediates.noindex/IntPerInt.build/Debug/IntPerInt.build/assetcatalog_output/thinned

GenerateAssetSymbols /Users/0xt4/Projects/IntPerInt/IntPerInt/Preview\ Content/Preview\ Assets.xcassets /Users/0xt4/Projects/IntPerInt/IntPerInt/Assets.xcassets (in target 'IntPerInt' from project 'IntPerInt')
    cd /Users/0xt4/Projects/IntPerInt
    /Applications/Xcode.app/Contents/Developer/usr/bin/actool /Users/0xt4/Projects/IntPerInt/IntPerInt/Preview\ Content/Preview\ Assets.xcassets /Users/0xt4/Projects/IntPerInt/IntPerInt/Assets.xcassets --compile /Users/0xt4/Library/Developer/Xcode/DerivedData/IntPerInt-droxnoxejwlnnzcctvclnwowhmtn/Build/Products/Debug/IntPerInt.app/Contents/Resources --output-format human-readable-text --notices --warnings --export-dependency-info /Users/0xt4/Library/Developer/Xcode/DerivedData/IntPerInt-droxnoxejwlnnzcctvclnwowhmtn/Build/Intermediates.noindex/IntPerInt.build/Debug/IntPerInt.build/assetcatalog_dependencies --output-partial-info-plist /Users/0xt4/Library/Developer/Xcode/DerivedData/IntPerInt-droxnoxejwlnnzcctvclnwowhmtn/Build/Intermediates.noindex/IntPerInt.build/Debug/IntPerInt.build/assetcatalog_generated_info.plist --app-icon AppIcon --accent-color AccentColor --enable-on-demand-resources NO --development-region en --target-device mac --minimum-deployment-target 13.0 --platform macosx --bundle-identifier com.example.IntPerInt --generate-swift-asset-symbols /Users/0xt4/Library/Developer/Xcode/DerivedData/IntPerInt-droxnoxejwlnnzcctvclnwowhmtn/Build/Intermediates.noindex/IntPerInt.build/Debug/IntPerInt.build/DerivedSources/GeneratedAssetSymbols.swift --generate-objc-asset-symbols /Users/0xt4/Library/Developer/Xcode/DerivedData/IntPerInt-droxnoxejwlnnzcctvclnwowhmtn/Build/Intermediates.noindex/IntPerInt.build/Debug/IntPerInt.build/DerivedSources/GeneratedAssetSymbols.h --generate-asset-symbol-index /Users/0xt4/Library/Developer/Xcode/DerivedData/IntPerInt-droxnoxejwlnnzcctvclnwowhmtn/Build/Intermediates.noindex/IntPerInt.build/Debug/IntPerInt.build/DerivedSources/GeneratedAssetSymbols-Index.plist
/* com.apple.actool.compilation-results */
/Users/0xt4/Library/Developer/Xcode/DerivedData/IntPerInt-droxnoxejwlnnzcctvclnwowhmtn/Build/Intermediates.noindex/IntPerInt.build/Debug/IntPerInt.build/DerivedSources/GeneratedAssetSymbols-Index.plist
/Users/0xt4/Library/Developer/Xcode/DerivedData/IntPerInt-droxnoxejwlnnzcctvclnwowhmtn/Build/Intermediates.noindex/IntPerInt.build/Debug/IntPerInt.build/DerivedSources/GeneratedAssetSymbols.h
/Users/0xt4/Library/Developer/Xcode/DerivedData/IntPerInt-droxnoxejwlnnzcctvclnwowhmtn/Build/Intermediates.noindex/IntPerInt.build/Debug/IntPerInt.build/DerivedSources/GeneratedAssetSymbols.swift


Ld /Users/0xt4/Library/Developer/Xcode/DerivedData/IntPerInt-droxnoxejwlnnzcctvclnwowhmtn/Build/Products/Debug/IntPerInt.app/Contents/MacOS/__preview.dylib normal (in target 'IntPerInt' from project 'IntPerInt')
    cd /Users/0xt4/Projects/IntPerInt
    /Applications/Xcode.app/Contents/Developer/Toolchains/XcodeDefault.xctoolchain/usr/bin/clang -Xlinker -reproducible -target arm64-apple-macos13.0 -dynamiclib -isysroot /Applications/Xcode.app/Contents/Developer/Platforms/MacOSX.platform/Developer/SDKs/MacOSX15.5.sdk -O0 -L/Users/0xt4/Library/Developer/Xcode/DerivedData/IntPerInt-droxnoxejwlnnzcctvclnwowhmtn/Build/Products/Debug -F/Users/0xt4/Library/Developer/Xcode/DerivedData/IntPerInt-droxnoxejwlnnzcctvclnwowhmtn/Build/Products/Debug -install_name @rpath/IntPerInt.debug.dylib -rdynamic -Xlinker -no_deduplicate -Xlinker -debug_variant -Xlinker -dependency_info -Xlinker /Users/0xt4/Library/Developer/Xcode/DerivedData/IntPerInt-droxnoxejwlnnzcctvclnwowhmtn/Build/Intermediates.noindex/IntPerInt.build/Debug/IntPerInt.build/Objects-normal/arm64/IntPerInt_dependency_info.dat -Xlinker -no_adhoc_codesign -o /Users/0xt4/Library/Developer/Xcode/DerivedData/IntPerInt-droxnoxejwlnnzcctvclnwowhmtn/Build/Products/Debug/IntPerInt.app/Contents/MacOS/__preview.dylib

CompileAssetCatalogVariant thinned /Users/0xt4/Library/Developer/Xcode/DerivedData/IntPerInt-droxnoxejwlnnzcctvclnwowhmtn/Build/Products/Debug/IntPerInt.app/Contents/Resources /Users/0xt4/Projects/IntPerInt/IntPerInt/Preview\ Content/Preview\ Assets.xcassets /Users/0xt4/Projects/IntPerInt/IntPerInt/Assets.xcassets (in target 'IntPerInt' from project 'IntPerInt')
    cd /Users/0xt4/Projects/IntPerInt
    /Applications/Xcode.app/Contents/Developer/usr/bin/actool /Users/0xt4/Projects/IntPerInt/IntPerInt/Preview\ Content/Preview\ Assets.xcassets /Users/0xt4/Projects/IntPerInt/IntPerInt/Assets.xcassets --compile /Users/0xt4/Library/Developer/Xcode/DerivedData/IntPerInt-droxnoxejwlnnzcctvclnwowhmtn/Build/Intermediates.noindex/IntPerInt.build/Debug/IntPerInt.build/assetcatalog_output/thinned --output-format human-readable-text --notices --warnings --export-dependency-info /Users/0xt4/Library/Developer/Xcode/DerivedData/IntPerInt-droxnoxejwlnnzcctvclnwowhmtn/Build/Intermediates.noindex/IntPerInt.build/Debug/IntPerInt.build/assetcatalog_dependencies_thinned --output-partial-info-plist /Users/0xt4/Library/Developer/Xcode/DerivedData/IntPerInt-droxnoxejwlnnzcctvclnwowhmtn/Build/Intermediates.noindex/IntPerInt.build/Debug/IntPerInt.build/assetcatalog_generated_info.plist_thinned --app-icon AppIcon --accent-color AccentColor --enable-on-demand-resources NO --development-region en --target-device mac --minimum-deployment-target 13.0 --platform macosx
/* com.apple.actool.compilation-results */
/Users/0xt4/Library/Developer/Xcode/DerivedData/IntPerInt-droxnoxejwlnnzcctvclnwowhmtn/Build/Intermediates.noindex/IntPerInt.build/Debug/IntPerInt.build/assetcatalog_generated_info.plist_thinned


SwiftDriver IntPerInt normal arm64 com.apple.xcode.tools.swift.compiler (in target 'IntPerInt' from project 'IntPerInt')
    cd /Users/0xt4/Projects/IntPerInt
    builtin-SwiftDriver -- /Applications/Xcode.app/Contents/Developer/Toolchains/XcodeDefault.xctoolchain/usr/bin/swiftc -module-name IntPerInt -Onone -enforce-exclusivity\=checked @/Users/0xt4/Library/Developer/Xcode/DerivedData/IntPerInt-droxnoxejwlnnzcctvclnwowhmtn/Build/Intermediates.noindex/IntPerInt.build/Debug/IntPerInt.build/Objects-normal/arm64/IntPerInt.SwiftFileList -DDEBUG -enable-bare-slash-regex -enable-experimental-feature DebugDescriptionMacro -sdk /Applications/Xcode.app/Contents/Developer/Platforms/MacOSX.platform/Developer/SDKs/MacOSX15.5.sdk -target arm64-apple-macos13.0 -g -module-cache-path /Users/0xt4/Library/Developer/Xcode/DerivedData/ModuleCache.noindex -Xfrontend -serialize-debugging-options -profile-coverage-mapping -profile-generate -enable-testing -index-store-path /Users/0xt4/Library/Developer/Xcode/DerivedData/IntPerInt-droxnoxejwlnnzcctvclnwowhmtn/Index.noindex/DataStore -swift-version 5 -I /Users/0xt4/Library/Developer/Xcode/DerivedData/IntPerInt-droxnoxejwlnnzcctvclnwowhmtn/Build/Products/Debug -F /Users/0xt4/Library/Developer/Xcode/DerivedData/IntPerInt-droxnoxejwlnnzcctvclnwowhmtn/Build/Products/Debug -emit-localized-strings -emit-localized-strings-path /Users/0xt4/Library/Developer/Xcode/DerivedData/IntPerInt-droxnoxejwlnnzcctvclnwowhmtn/Build/Intermediates.noindex/IntPerInt.build/Debug/IntPerInt.build/Objects-normal/arm64 -c -j16 -enable-batch-mode -incremental -Xcc -ivfsstatcache -Xcc /Users/0xt4/Library/Developer/Xcode/DerivedData/SDKStatCaches.noindex/macosx15.5-24F74-8254517eb8b97d462ccbc072ba9094c9.sdkstatcache -output-file-map /Users/0xt4/Library/Developer/Xcode/DerivedData/IntPerInt-droxnoxejwlnnzcctvclnwowhmtn/Build/Intermediates.noindex/IntPerInt.build/Debug/IntPerInt.build/Objects-normal/arm64/IntPerInt-OutputFileMap.json -use-frontend-parseable-output -save-temps -no-color-diagnostics -serialize-diagnostics -emit-dependencies -emit-module -emit-module-path /Users/0xt4/Library/Developer/Xcode/DerivedData/IntPerInt-droxnoxejwlnnzcctvclnwowhmtn/Build/Intermediates.noindex/IntPerInt.build/Debug/IntPerInt.build/Objects-normal/arm64/IntPerInt.swiftmodule -validate-clang-modules-once -clang-build-session-file /Users/0xt4/Library/Developer/Xcode/DerivedData/ModuleCache.noindex/Session.modulevalidation -Xcc -I/Users/0xt4/Library/Developer/Xcode/DerivedData/IntPerInt-droxnoxejwlnnzcctvclnwowhmtn/Build/Intermediates.noindex/IntPerInt.build/Debug/IntPerInt.build/swift-overrides.hmap -emit-const-values -Xfrontend -const-gather-protocols-file -Xfrontend /Users/0xt4/Library/Developer/Xcode/DerivedData/IntPerInt-droxnoxejwlnnzcctvclnwowhmtn/Build/Intermediates.noindex/IntPerInt.build/Debug/IntPerInt.build/Objects-normal/arm64/IntPerInt_const_extract_protocols.json -Xcc -iquote -Xcc /Users/0xt4/Library/Developer/Xcode/DerivedData/IntPerInt-droxnoxejwlnnzcctvclnwowhmtn/Build/Intermediates.noindex/IntPerInt.build/Debug/IntPerInt.build/IntPerInt-generated-files.hmap -Xcc -I/Users/0xt4/Library/Developer/Xcode/DerivedData/IntPerInt-droxnoxejwlnnzcctvclnwowhmtn/Build/Intermediates.noindex/IntPerInt.build/Debug/IntPerInt.build/IntPerInt-own-target-headers.hmap -Xcc -I/Users/0xt4/Library/Developer/Xcode/DerivedData/IntPerInt-droxnoxejwlnnzcctvclnwowhmtn/Build/Intermediates.noindex/IntPerInt.build/Debug/IntPerInt.build/IntPerInt-all-target-headers.hmap -Xcc -iquote -Xcc /Users/0xt4/Library/Developer/Xcode/DerivedData/IntPerInt-droxnoxejwlnnzcctvclnwowhmtn/Build/Intermediates.noindex/IntPerInt.build/Debug/IntPerInt.build/IntPerInt-project-headers.hmap -Xcc -I/Users/0xt4/Library/Developer/Xcode/DerivedData/IntPerInt-droxnoxejwlnnzcctvclnwowhmtn/Build/Products/Debug/include -Xcc -I/Users/0xt4/Library/Developer/Xcode/DerivedData/IntPerInt-droxnoxejwlnnzcctvclnwowhmtn/Build/Intermediates.noindex/IntPerInt.build/Debug/IntPerInt.build/DerivedSources-normal/arm64 -Xcc -I/Users/0xt4/Library/Developer/Xcode/DerivedData/IntPerInt-droxnoxejwlnnzcctvclnwowhmtn/Build/Intermediates.noindex/IntPerInt.build/Debug/IntPerInt.build/DerivedSources/arm64 -Xcc -I/Users/0xt4/Library/Developer/Xcode/DerivedData/IntPerInt-droxnoxejwlnnzcctvclnwowhmtn/Build/Intermediates.noindex/IntPerInt.build/Debug/IntPerInt.build/DerivedSources -Xcc -DDEBUG\=1 -emit-objc-header -emit-objc-header-path /Users/0xt4/Library/Developer/Xcode/DerivedData/IntPerInt-droxnoxejwlnnzcctvclnwowhmtn/Build/Intermediates.noindex/IntPerInt.build/Debug/IntPerInt.build/Objects-normal/arm64/IntPerInt-Swift.h -import-objc-header /Users/0xt4/Projects/IntPerInt/IntPerInt/IntPerInt-Bridging-Header.h -pch-output-dir /Users/0xt4/Library/Developer/Xcode/DerivedData/IntPerInt-droxnoxejwlnnzcctvclnwowhmtn/Build/Intermediates.noindex/PrecompiledHeaders -working-directory /Users/0xt4/Projects/IntPerInt -experimental-emit-module-separately -disable-cmo

SwiftGeneratePch normal arm64 Compiling\ bridging\ header (in target 'IntPerInt' from project 'IntPerInt')

PrecompileSwiftBridgingHeader normal arm64 (in target 'IntPerInt' from project 'IntPerInt')
    cd /Users/0xt4/Projects/IntPerInt
    

SwiftDriverJobDiscovery normal arm64 Compiling bridging header (in target 'IntPerInt' from project 'IntPerInt')

SwiftEmitModule normal arm64 Emitting\ module\ for\ IntPerInt (in target 'IntPerInt' from project 'IntPerInt')

EmitSwiftModule normal arm64 (in target 'IntPerInt' from project 'IntPerInt')
    cd /Users/0xt4/Projects/IntPerInt
    

SwiftCompile normal arm64 Compiling\ ModelManager.swift /Users/0xt4/Projects/IntPerInt/IntPerInt/ModelManager.swift (in target 'IntPerInt' from project 'IntPerInt')

SwiftCompile normal arm64 /Users/0xt4/Projects/IntPerInt/IntPerInt/ModelManager.swift (in target 'IntPerInt' from project 'IntPerInt')
    cd /Users/0xt4/Projects/IntPerInt
    
/Users/0xt4/Projects/IntPerInt/IntPerInt/ModelManager.swift:302:13: warning: variable 'base' was never mutated; consider changing to 'let' constant
        var base = fileName.replacingOccurrences(of: ".gguf", with: "")
        ~~~ ^
        let

SwiftCompile normal arm64 Compiling\ ContentView.swift /Users/0xt4/Projects/IntPerInt/IntPerInt/ContentView.swift (in target 'IntPerInt' from project 'IntPerInt')
SwiftCompile normal arm64 /Users/0xt4/Projects/IntPerInt/IntPerInt/ContentView.swift (in target 'IntPerInt' from project 'IntPerInt')
    cd /Users/0xt4/Projects/IntPerInt
    

SwiftCompile normal arm64 Compiling\ IntPerIntApp.swift /Users/0xt4/Projects/IntPerInt/IntPerInt/IntPerIntApp.swift (in target 'IntPerInt' from project 'IntPerInt')

SwiftCompile normal arm64 /Users/0xt4/Projects/IntPerInt/IntPerInt/IntPerIntApp.swift (in target 'IntPerInt' from project 'IntPerInt')
    cd /Users/0xt4/Projects/IntPerInt
    

SwiftCompile normal arm64 Compiling\ RuntimeEnv.swift /Users/0xt4/Projects/IntPerInt/IntPerInt/Shared/RuntimeEnv.swift (in target 'IntPerInt' from project 'IntPerInt')

SwiftCompile normal arm64 /Users/0xt4/Projects/IntPerInt/IntPerInt/Shared/RuntimeEnv.swift (in target 'IntPerInt' from project 'IntPerInt')
    cd /Users/0xt4/Projects/IntPerInt
    

SwiftCompile normal arm64 Compiling\ LLMEngine.swift /Users/0xt4/Projects/IntPerInt/IntPerInt/Engines/LLMEngine.swift (in target 'IntPerInt' from project 'IntPerInt')

SwiftCompile normal arm64 /Users/0xt4/Projects/IntPerInt/IntPerInt/Engines/LLMEngine.swift (in target 'IntPerInt' from project 'IntPerInt')
    cd /Users/0xt4/Projects/IntPerInt
    

SwiftCompile normal arm64 Compiling\ Models.swift /Users/0xt4/Projects/IntPerInt/IntPerInt/Models.swift (in target 'IntPerInt' from project 'IntPerInt')

SwiftCompile normal arm64 /Users/0xt4/Projects/IntPerInt/IntPerInt/Models.swift (in target 'IntPerInt' from project 'IntPerInt')
    cd /Users/0xt4/Projects/IntPerInt
    

SwiftCompile normal arm64 Compiling\ LlamaCppEngine.swift /Users/0xt4/Projects/IntPerInt/IntPerInt/Engines/LlamaCppEngine.swift (in target 'IntPerInt' from project 'IntPerInt')

SwiftCompile normal arm64 /Users/0xt4/Projects/IntPerInt/IntPerInt/Engines/LlamaCppEngine.swift (in target 'IntPerInt' from project 'IntPerInt')
    cd /Users/0xt4/Projects/IntPerInt
    

SwiftCompile normal arm64 Compiling\ GeneratedAssetSymbols.swift /Users/0xt4/Library/Developer/Xcode/DerivedData/IntPerInt-droxnoxejwlnnzcctvclnwowhmtn/Build/Intermediates.noindex/IntPerInt.build/Debug/IntPerInt.build/DerivedSources/GeneratedAssetSymbols.swift (in target 'IntPerInt' from project 'IntPerInt')

SwiftCompile normal arm64 /Users/0xt4/Library/Developer/Xcode/DerivedData/IntPerInt-droxnoxejwlnnzcctvclnwowhmtn/Build/Intermediates.noindex/IntPerInt.build/Debug/IntPerInt.build/DerivedSources/GeneratedAssetSymbols.swift (in target 'IntPerInt' from project 'IntPerInt')
    cd /Users/0xt4/Projects/IntPerInt
    

SwiftCompile normal arm64 Compiling\ WelcomeAndModelDownload.swift /Users/0xt4/Projects/IntPerInt/IntPerInt/Views/WelcomeAndModelDownload.swift (in target 'IntPerInt' from project 'IntPerInt')

SwiftCompile normal arm64 /Users/0xt4/Projects/IntPerInt/IntPerInt/Views/WelcomeAndModelDownload.swift (in target 'IntPerInt' from project 'IntPerInt')
    cd /Users/0xt4/Projects/IntPerInt
    

SwiftCompile normal arm64 Compiling\ ConversationStore.swift /Users/0xt4/Projects/IntPerInt/IntPerInt/Storage/ConversationStore.swift (in target 'IntPerInt' from project 'IntPerInt')

SwiftCompile normal arm64 /Users/0xt4/Projects/IntPerInt/IntPerInt/Storage/ConversationStore.swift (in target 'IntPerInt' from project 'IntPerInt')
    cd /Users/0xt4/Projects/IntPerInt
    

SwiftDriverJobDiscovery normal arm64 Compiling RuntimeEnv.swift (in target 'IntPerInt' from project 'IntPerInt')

SwiftDriverJobDiscovery normal arm64 Compiling LLMEngine.swift (in target 'IntPerInt' from project 'IntPerInt')

SwiftDriverJobDiscovery normal arm64 Compiling IntPerIntApp.swift (in target 'IntPerInt' from project 'IntPerInt')

SwiftDriverJobDiscovery normal arm64 Compiling ConversationStore.swift (in target 'IntPerInt' from project 'IntPerInt')

SwiftDriverJobDiscovery normal arm64 Compiling GeneratedAssetSymbols.swift (in target 'IntPerInt' from project 'IntPerInt')

SwiftDriverJobDiscovery normal arm64 Compiling Models.swift (in target 'IntPerInt' from project 'IntPerInt')

SwiftDriverJobDiscovery normal arm64 Emitting module for IntPerInt (in target 'IntPerInt' from project 'IntPerInt')

SwiftDriver\ Compilation\ Requirements IntPerInt normal arm64 com.apple.xcode.tools.swift.compiler (in target 'IntPerInt' from project 'IntPerInt')
    cd /Users/0xt4/Projects/IntPerInt
    builtin-Swift-Compilation-Requirements -- /Applications/Xcode.app/Contents/Developer/Toolchains/XcodeDefault.xctoolchain/usr/bin/swiftc -module-name IntPerInt -Onone -enforce-exclusivity\=checked @/Users/0xt4/Library/Developer/Xcode/DerivedData/IntPerInt-droxnoxejwlnnzcctvclnwowhmtn/Build/Intermediates.noindex/IntPerInt.build/Debug/IntPerInt.build/Objects-normal/arm64/IntPerInt.SwiftFileList -DDEBUG -enable-bare-slash-regex -enable-experimental-feature DebugDescriptionMacro -sdk /Applications/Xcode.app/Contents/Developer/Platforms/MacOSX.platform/Developer/SDKs/MacOSX15.5.sdk -target arm64-apple-macos13.0 -g -module-cache-path /Users/0xt4/Library/Developer/Xcode/DerivedData/ModuleCache.noindex -Xfrontend -serialize-debugging-options -profile-coverage-mapping -profile-generate -enable-testing -index-store-path /Users/0xt4/Library/Developer/Xcode/DerivedData/IntPerInt-droxnoxejwlnnzcctvclnwowhmtn/Index.noindex/DataStore -swift-version 5 -I /Users/0xt4/Library/Developer/Xcode/DerivedData/IntPerInt-droxnoxejwlnnzcctvclnwowhmtn/Build/Products/Debug -F /Users/0xt4/Library/Developer/Xcode/DerivedData/IntPerInt-droxnoxejwlnnzcctvclnwowhmtn/Build/Products/Debug -emit-localized-strings -emit-localized-strings-path /Users/0xt4/Library/Developer/Xcode/DerivedData/IntPerInt-droxnoxejwlnnzcctvclnwowhmtn/Build/Intermediates.noindex/IntPerInt.build/Debug/IntPerInt.build/Objects-normal/arm64 -c -j16 -enable-batch-mode -incremental -Xcc -ivfsstatcache -Xcc /Users/0xt4/Library/Developer/Xcode/DerivedData/SDKStatCaches.noindex/macosx15.5-24F74-8254517eb8b97d462ccbc072ba9094c9.sdkstatcache -output-file-map /Users/0xt4/Library/Developer/Xcode/DerivedData/IntPerInt-droxnoxejwlnnzcctvclnwowhmtn/Build/Intermediates.noindex/IntPerInt.build/Debug/IntPerInt.build/Objects-normal/arm64/IntPerInt-OutputFileMap.json -use-frontend-parseable-output -save-temps -no-color-diagnostics -serialize-diagnostics -emit-dependencies -emit-module -emit-module-path /Users/0xt4/Library/Developer/Xcode/DerivedData/IntPerInt-droxnoxejwlnnzcctvclnwowhmtn/Build/Intermediates.noindex/IntPerInt.build/Debug/IntPerInt.build/Objects-normal/arm64/IntPerInt.swiftmodule -validate-clang-modules-once -clang-build-session-file /Users/0xt4/Library/Developer/Xcode/DerivedData/ModuleCache.noindex/Session.modulevalidation -Xcc -I/Users/0xt4/Library/Developer/Xcode/DerivedData/IntPerInt-droxnoxejwlnnzcctvclnwowhmtn/Build/Intermediates.noindex/IntPerInt.build/Debug/IntPerInt.build/swift-overrides.hmap -emit-const-values -Xfrontend -const-gather-protocols-file -Xfrontend /Users/0xt4/Library/Developer/Xcode/DerivedData/IntPerInt-droxnoxejwlnnzcctvclnwowhmtn/Build/Intermediates.noindex/IntPerInt.build/Debug/IntPerInt.build/Objects-normal/arm64/IntPerInt_const_extract_protocols.json -Xcc -iquote -Xcc /Users/0xt4/Library/Developer/Xcode/DerivedData/IntPerInt-droxnoxejwlnnzcctvclnwowhmtn/Build/Intermediates.noindex/IntPerInt.build/Debug/IntPerInt.build/IntPerInt-generated-files.hmap -Xcc -I/Users/0xt4/Library/Developer/Xcode/DerivedData/IntPerInt-droxnoxejwlnnzcctvclnwowhmtn/Build/Intermediates.noindex/IntPerInt.build/Debug/IntPerInt.build/IntPerInt-own-target-headers.hmap -Xcc -I/Users/0xt4/Library/Developer/Xcode/DerivedData/IntPerInt-droxnoxejwlnnzcctvclnwowhmtn/Build/Intermediates.noindex/IntPerInt.build/Debug/IntPerInt.build/IntPerInt-all-target-headers.hmap -Xcc -iquote -Xcc /Users/0xt4/Library/Developer/Xcode/DerivedData/IntPerInt-droxnoxejwlnnzcctvclnwowhmtn/Build/Intermediates.noindex/IntPerInt.build/Debug/IntPerInt.build/IntPerInt-project-headers.hmap -Xcc -I/Users/0xt4/Library/Developer/Xcode/DerivedData/IntPerInt-droxnoxejwlnnzcctvclnwowhmtn/Build/Products/Debug/include -Xcc -I/Users/0xt4/Library/Developer/Xcode/DerivedData/IntPerInt-droxnoxejwlnnzcctvclnwowhmtn/Build/Intermediates.noindex/IntPerInt.build/Debug/IntPerInt.build/DerivedSources-normal/arm64 -Xcc -I/Users/0xt4/Library/Developer/Xcode/DerivedData/IntPerInt-droxnoxejwlnnzcctvclnwowhmtn/Build/Intermediates.noindex/IntPerInt.build/Debug/IntPerInt.build/DerivedSources/arm64 -Xcc -I/Users/0xt4/Library/Developer/Xcode/DerivedData/IntPerInt-droxnoxejwlnnzcctvclnwowhmtn/Build/Intermediates.noindex/IntPerInt.build/Debug/IntPerInt.build/DerivedSources -Xcc -DDEBUG\=1 -emit-objc-header -emit-objc-header-path /Users/0xt4/Library/Developer/Xcode/DerivedData/IntPerInt-droxnoxejwlnnzcctvclnwowhmtn/Build/Intermediates.noindex/IntPerInt.build/Debug/IntPerInt.build/Objects-normal/arm64/IntPerInt-Swift.h -import-objc-header /Users/0xt4/Projects/IntPerInt/IntPerInt/IntPerInt-Bridging-Header.h -pch-output-dir /Users/0xt4/Library/Developer/Xcode/DerivedData/IntPerInt-droxnoxejwlnnzcctvclnwowhmtn/Build/Intermediates.noindex/PrecompiledHeaders -working-directory /Users/0xt4/Projects/IntPerInt -experimental-emit-module-separately -disable-cmo

SwiftMergeGeneratedHeaders /Users/0xt4/Library/Developer/Xcode/DerivedData/IntPerInt-droxnoxejwlnnzcctvclnwowhmtn/Build/Intermediates.noindex/IntPerInt.build/Debug/IntPerInt.build/DerivedSources/IntPerInt-Swift.h /Users/0xt4/Library/Developer/Xcode/DerivedData/IntPerInt-droxnoxejwlnnzcctvclnwowhmtn/Build/Intermediates.noindex/IntPerInt.build/Debug/IntPerInt.build/Objects-normal/arm64/IntPerInt-Swift.h (in target 'IntPerInt' from project 'IntPerInt')
    cd /Users/0xt4/Projects/IntPerInt
    builtin-swiftHeaderTool -arch arm64 /Users/0xt4/Library/Developer/Xcode/DerivedData/IntPerInt-droxnoxejwlnnzcctvclnwowhmtn/Build/Intermediates.noindex/IntPerInt.build/Debug/IntPerInt.build/Objects-normal/arm64/IntPerInt-Swift.h -o /Users/0xt4/Library/Developer/Xcode/DerivedData/IntPerInt-droxnoxejwlnnzcctvclnwowhmtn/Build/Intermediates.noindex/IntPerInt.build/Debug/IntPerInt.build/DerivedSources/IntPerInt-Swift.h

Copy /Users/0xt4/Library/Developer/Xcode/DerivedData/IntPerInt-droxnoxejwlnnzcctvclnwowhmtn/Build/Products/Debug/IntPerInt.swiftmodule/arm64-apple-macos.swiftmodule /Users/0xt4/Library/Developer/Xcode/DerivedData/IntPerInt-droxnoxejwlnnzcctvclnwowhmtn/Build/Intermediates.noindex/IntPerInt.build/Debug/IntPerInt.build/Objects-normal/arm64/IntPerInt.swiftmodule (in target 'IntPerInt' from project 'IntPerInt')
    cd /Users/0xt4/Projects/IntPerInt
    builtin-copy -exclude .DS_Store -exclude CVS -exclude .svn -exclude .git -exclude .hg -resolve-src-symlinks -rename /Users/0xt4/Library/Developer/Xcode/DerivedData/IntPerInt-droxnoxejwlnnzcctvclnwowhmtn/Build/Intermediates.noindex/IntPerInt.build/Debug/IntPerInt.build/Objects-normal/arm64/IntPerInt.swiftmodule /Users/0xt4/Library/Developer/Xcode/DerivedData/IntPerInt-droxnoxejwlnnzcctvclnwowhmtn/Build/Products/Debug/IntPerInt.swiftmodule/arm64-apple-macos.swiftmodule

Copy /Users/0xt4/Library/Developer/Xcode/DerivedData/IntPerInt-droxnoxejwlnnzcctvclnwowhmtn/Build/Products/Debug/IntPerInt.swiftmodule/arm64-apple-macos.abi.json /Users/0xt4/Library/Developer/Xcode/DerivedData/IntPerInt-droxnoxejwlnnzcctvclnwowhmtn/Build/Intermediates.noindex/IntPerInt.build/Debug/IntPerInt.build/Objects-normal/arm64/IntPerInt.abi.json (in target 'IntPerInt' from project 'IntPerInt')
    cd /Users/0xt4/Projects/IntPerInt
    builtin-copy -exclude .DS_Store -exclude CVS -exclude .svn -exclude .git -exclude .hg -resolve-src-symlinks -rename /Users/0xt4/Library/Developer/Xcode/DerivedData/IntPerInt-droxnoxejwlnnzcctvclnwowhmtn/Build/Intermediates.noindex/IntPerInt.build/Debug/IntPerInt.build/Objects-normal/arm64/IntPerInt.abi.json /Users/0xt4/Library/Developer/Xcode/DerivedData/IntPerInt-droxnoxejwlnnzcctvclnwowhmtn/Build/Products/Debug/IntPerInt.swiftmodule/arm64-apple-macos.abi.json

Copy /Users/0xt4/Library/Developer/Xcode/DerivedData/IntPerInt-droxnoxejwlnnzcctvclnwowhmtn/Build/Products/Debug/IntPerInt.swiftmodule/arm64-apple-macos.swiftdoc /Users/0xt4/Library/Developer/Xcode/DerivedData/IntPerInt-droxnoxejwlnnzcctvclnwowhmtn/Build/Intermediates.noindex/IntPerInt.build/Debug/IntPerInt.build/Objects-normal/arm64/IntPerInt.swiftdoc (in target 'IntPerInt' from project 'IntPerInt')
    cd /Users/0xt4/Projects/IntPerInt
    builtin-copy -exclude .DS_Store -exclude CVS -exclude .svn -exclude .git -exclude .hg -resolve-src-symlinks -rename /Users/0xt4/Library/Developer/Xcode/DerivedData/IntPerInt-droxnoxejwlnnzcctvclnwowhmtn/Build/Intermediates.noindex/IntPerInt.build/Debug/IntPerInt.build/Objects-normal/arm64/IntPerInt.swiftdoc /Users/0xt4/Library/Developer/Xcode/DerivedData/IntPerInt-droxnoxejwlnnzcctvclnwowhmtn/Build/Products/Debug/IntPerInt.swiftmodule/arm64-apple-macos.swiftdoc

Copy /Users/0xt4/Library/Developer/Xcode/DerivedData/IntPerInt-droxnoxejwlnnzcctvclnwowhmtn/Build/Products/Debug/IntPerInt.swiftmodule/Project/arm64-apple-macos.swiftsourceinfo /Users/0xt4/Library/Developer/Xcode/DerivedData/IntPerInt-droxnoxejwlnnzcctvclnwowhmtn/Build/Intermediates.noindex/IntPerInt.build/Debug/IntPerInt.build/Objects-normal/arm64/IntPerInt.swiftsourceinfo (in target 'IntPerInt' from project 'IntPerInt')
    cd /Users/0xt4/Projects/IntPerInt
    builtin-copy -exclude .DS_Store -exclude CVS -exclude .svn -exclude .git -exclude .hg -resolve-src-symlinks -rename /Users/0xt4/Library/Developer/Xcode/DerivedData/IntPerInt-droxnoxejwlnnzcctvclnwowhmtn/Build/Intermediates.noindex/IntPerInt.build/Debug/IntPerInt.build/Objects-normal/arm64/IntPerInt.swiftsourceinfo /Users/0xt4/Library/Developer/Xcode/DerivedData/IntPerInt-droxnoxejwlnnzcctvclnwowhmtn/Build/Products/Debug/IntPerInt.swiftmodule/Project/arm64-apple-macos.swiftsourceinfo

CompileC /Users/0xt4/Library/Developer/Xcode/DerivedData/IntPerInt-droxnoxejwlnnzcctvclnwowhmtn/Build/Intermediates.noindex/IntPerInt.build/Debug/IntPerInt.build/Objects-normal/arm64/LLamaCppWrapper.o /Users/0xt4/Projects/IntPerInt/IntPerInt/LLamaCppWrapper.mm normal arm64 objective-c++ com.apple.compilers.llvm.clang.1_0.compiler (in target 'IntPerInt' from project 'IntPerInt')
    cd /Users/0xt4/Projects/IntPerInt
    
    Using response file: /Users/0xt4/Library/Developer/Xcode/DerivedData/IntPerInt-droxnoxejwlnnzcctvclnwowhmtn/Build/Intermediates.noindex/IntPerInt.build/Debug/IntPerInt.build/Objects-normal/arm64/af3fcb34312c57c0f52879cdce924b91-common-args.resp
    
    /Applications/Xcode.app/Contents/Developer/Toolchains/XcodeDefault.xctoolchain/usr/bin/clang -x objective-c++ -ivfsstatcache /Users/0xt4/Library/Developer/Xcode/DerivedData/SDKStatCaches.noindex/macosx15.5-24F74-8254517eb8b97d462ccbc072ba9094c9.sdkstatcache -fmessage-length\=0 -fdiagnostics-show-note-include-stack -fmacro-backtrace-limit\=0 -fno-color-diagnostics -fmodules-prune-interval\=86400 -fmodules-prune-after\=345600 -fbuild-session-file\=/Users/0xt4/Library/Developer/Xcode/DerivedData/ModuleCache.noindex/Session.modulevalidation -fmodules-validate-once-per-build-session -Wnon-modular-include-in-framework-module -Werror\=non-modular-include-in-framework-module -Wno-trigraphs -Wno-missing-field-initializers -Wno-missing-prototypes -Werror\=return-type -Wdocumentation -Wunreachable-code -Wquoted-include-in-framework-header -Wno-implicit-atomic-properties -Werror\=deprecated-objc-isa-usage -Wno-objc-interface-ivars -Werror\=objc-root-class -Wno-arc-repeated-use-of-weak -Wimplicit-retain-self -Wno-non-virtual-dtor -Wno-overloaded-virtual -Wno-exit-time-destructors -Wduplicate-method-match -Wno-missing-braces -Wparentheses -Wswitch -Wunused-function -Wno-unused-label -Wno-unused-parameter -Wunused-variable -Wunused-value -Wempty-body -Wuninitialized -Wconditional-uninitialized -Wno-unknown-pragmas -Wno-shadow -Wno-four-char-constants -Wno-conversion -Wconstant-conversion -Wint-conversion -Wbool-conversion -Wenum-conversion -Wno-float-conversion -Wnon-literal-null-conversion -Wobjc-literal-conversion -Wshorten-64-to-32 -Wno-newline-eof -Wno-selector -Wno-strict-selector-match -Wundeclared-selector -Wdeprecated-implementations -Wno-c++11-extensions -Wno-implicit-fallthrough -fstrict-aliasing -Wprotocol -Wdeprecated-declarations -Winvalid-offsetof -Wno-sign-conversion -Winfinite-recursion -Wmove -Wcomma -Wblock-capture-autoreleasing -Wstrict-prototypes -Wrange-loop-analysis -Wno-semicolon-before-method-body -Wunguarded-availability -index-store-path /Users/0xt4/Library/Developer/Xcode/DerivedData/IntPerInt-droxnoxejwlnnzcctvclnwowhmtn/Index.noindex/DataStore @/Users/0xt4/Library/Developer/Xcode/DerivedData/IntPerInt-droxnoxejwlnnzcctvclnwowhmtn/Build/Intermediates.noindex/IntPerInt.build/Debug/IntPerInt.build/Objects-normal/arm64/af3fcb34312c57c0f52879cdce924b91-common-args.resp -MMD -MT dependencies -MF /Users/0xt4/Library/Developer/Xcode/DerivedData/IntPerInt-droxnoxejwlnnzcctvclnwowhmtn/Build/Intermediates.noindex/IntPerInt.build/Debug/IntPerInt.build/Objects-normal/arm64/LLamaCppWrapper.d --serialize-diagnostics /Users/0xt4/Library/Developer/Xcode/DerivedData/IntPerInt-droxnoxejwlnnzcctvclnwowhmtn/Build/Intermediates.noindex/IntPerInt.build/Debug/IntPerInt.build/Objects-normal/arm64/LLamaCppWrapper.dia -c /Users/0xt4/Projects/IntPerInt/IntPerInt/LLamaCppWrapper.mm -o /Users/0xt4/Library/Developer/Xcode/DerivedData/IntPerInt-droxnoxejwlnnzcctvclnwowhmtn/Build/Intermediates.noindex/IntPerInt.build/Debug/IntPerInt.build/Objects-normal/arm64/LLamaCppWrapper.o -index-unit-output-path /IntPerInt.build/Debug/IntPerInt.build/Objects-normal/arm64/LLamaCppWrapper.o

SwiftDriverJobDiscovery normal arm64 Compiling LlamaCppEngine.swift (in target 'IntPerInt' from project 'IntPerInt')

SwiftDriverJobDiscovery normal arm64 Compiling WelcomeAndModelDownload.swift (in target 'IntPerInt' from project 'IntPerInt')

SwiftDriverJobDiscovery normal arm64 Compiling ModelManager.swift (in target 'IntPerInt' from project 'IntPerInt')

LinkAssetCatalog /Users/0xt4/Projects/IntPerInt/IntPerInt/Preview\ Content/Preview\ Assets.xcassets /Users/0xt4/Projects/IntPerInt/IntPerInt/Assets.xcassets (in target 'IntPerInt' from project 'IntPerInt')
    cd /Users/0xt4/Projects/IntPerInt
    builtin-linkAssetCatalog --thinned /Users/0xt4/Library/Developer/Xcode/DerivedData/IntPerInt-droxnoxejwlnnzcctvclnwowhmtn/Build/Intermediates.noindex/IntPerInt.build/Debug/IntPerInt.build/assetcatalog_output/thinned --thinned-dependencies /Users/0xt4/Library/Developer/Xcode/DerivedData/IntPerInt-droxnoxejwlnnzcctvclnwowhmtn/Build/Intermediates.noindex/IntPerInt.build/Debug/IntPerInt.build/assetcatalog_dependencies_thinned --thinned-info-plist-content /Users/0xt4/Library/Developer/Xcode/DerivedData/IntPerInt-droxnoxejwlnnzcctvclnwowhmtn/Build/Intermediates.noindex/IntPerInt.build/Debug/IntPerInt.build/assetcatalog_generated_info.plist_thinned --unthinned /Users/0xt4/Library/Developer/Xcode/DerivedData/IntPerInt-droxnoxejwlnnzcctvclnwowhmtn/Build/Intermediates.noindex/IntPerInt.build/Debug/IntPerInt.build/assetcatalog_output/unthinned --unthinned-dependencies /Users/0xt4/Library/Developer/Xcode/DerivedData/IntPerInt-droxnoxejwlnnzcctvclnwowhmtn/Build/Intermediates.noindex/IntPerInt.build/Debug/IntPerInt.build/assetcatalog_dependencies_unthinned --unthinned-info-plist-content /Users/0xt4/Library/Developer/Xcode/DerivedData/IntPerInt-droxnoxejwlnnzcctvclnwowhmtn/Build/Intermediates.noindex/IntPerInt.build/Debug/IntPerInt.build/assetcatalog_generated_info.plist_unthinned --output /Users/0xt4/Library/Developer/Xcode/DerivedData/IntPerInt-droxnoxejwlnnzcctvclnwowhmtn/Build/Products/Debug/IntPerInt.app/Contents/Resources --plist-output /Users/0xt4/Library/Developer/Xcode/DerivedData/IntPerInt-droxnoxejwlnnzcctvclnwowhmtn/Build/Intermediates.noindex/IntPerInt.build/Debug/IntPerInt.build/assetcatalog_generated_info.plist

ProcessInfoPlistFile /Users/0xt4/Library/Developer/Xcode/DerivedData/IntPerInt-droxnoxejwlnnzcctvclnwowhmtn/Build/Products/Debug/IntPerInt.app/Contents/Info.plist /Users/0xt4/Library/Developer/Xcode/DerivedData/IntPerInt-droxnoxejwlnnzcctvclnwowhmtn/Build/Intermediates.noindex/IntPerInt.build/Debug/IntPerInt.build/empty-IntPerInt.plist (in target 'IntPerInt' from project 'IntPerInt')
    cd /Users/0xt4/Projects/IntPerInt
    builtin-infoPlistUtility /Users/0xt4/Library/Developer/Xcode/DerivedData/IntPerInt-droxnoxejwlnnzcctvclnwowhmtn/Build/Intermediates.noindex/IntPerInt.build/Debug/IntPerInt.build/empty-IntPerInt.plist -producttype com.apple.product-type.application -genpkginfo /Users/0xt4/Library/Developer/Xcode/DerivedData/IntPerInt-droxnoxejwlnnzcctvclnwowhmtn/Build/Products/Debug/IntPerInt.app/Contents/PkgInfo -expandbuildsettings -platform macosx -additionalcontentfile /Users/0xt4/Library/Developer/Xcode/DerivedData/IntPerInt-droxnoxejwlnnzcctvclnwowhmtn/Build/Intermediates.noindex/IntPerInt.build/Debug/IntPerInt.build/assetcatalog_generated_info.plist -o /Users/0xt4/Library/Developer/Xcode/DerivedData/IntPerInt-droxnoxejwlnnzcctvclnwowhmtn/Build/Products/Debug/IntPerInt.app/Contents/Info.plist

SwiftDriverJobDiscovery normal arm64 Compiling ContentView.swift (in target 'IntPerInt' from project 'IntPerInt')

SwiftDriver\ Compilation IntPerInt normal arm64 com.apple.xcode.tools.swift.compiler (in target 'IntPerInt' from project 'IntPerInt')
    cd /Users/0xt4/Projects/IntPerInt
    builtin-Swift-Compilation -- /Applications/Xcode.app/Contents/Developer/Toolchains/XcodeDefault.xctoolchain/usr/bin/swiftc -module-name IntPerInt -Onone -enforce-exclusivity\=checked @/Users/0xt4/Library/Developer/Xcode/DerivedData/IntPerInt-droxnoxejwlnnzcctvclnwowhmtn/Build/Intermediates.noindex/IntPerInt.build/Debug/IntPerInt.build/Objects-normal/arm64/IntPerInt.SwiftFileList -DDEBUG -enable-bare-slash-regex -enable-experimental-feature DebugDescriptionMacro -sdk /Applications/Xcode.app/Contents/Developer/Platforms/MacOSX.platform/Developer/SDKs/MacOSX15.5.sdk -target arm64-apple-macos13.0 -g -module-cache-path /Users/0xt4/Library/Developer/Xcode/DerivedData/ModuleCache.noindex -Xfrontend -serialize-debugging-options -profile-coverage-mapping -profile-generate -enable-testing -index-store-path /Users/0xt4/Library/Developer/Xcode/DerivedData/IntPerInt-droxnoxejwlnnzcctvclnwowhmtn/Index.noindex/DataStore -swift-version 5 -I /Users/0xt4/Library/Developer/Xcode/DerivedData/IntPerInt-droxnoxejwlnnzcctvclnwowhmtn/Build/Products/Debug -F /Users/0xt4/Library/Developer/Xcode/DerivedData/IntPerInt-droxnoxejwlnnzcctvclnwowhmtn/Build/Products/Debug -emit-localized-strings -emit-localized-strings-path /Users/0xt4/Library/Developer/Xcode/DerivedData/IntPerInt-droxnoxejwlnnzcctvclnwowhmtn/Build/Intermediates.noindex/IntPerInt.build/Debug/IntPerInt.build/Objects-normal/arm64 -c -j16 -enable-batch-mode -incremental -Xcc -ivfsstatcache -Xcc /Users/0xt4/Library/Developer/Xcode/DerivedData/SDKStatCaches.noindex/macosx15.5-24F74-8254517eb8b97d462ccbc072ba9094c9.sdkstatcache -output-file-map /Users/0xt4/Library/Developer/Xcode/DerivedData/IntPerInt-droxnoxejwlnnzcctvclnwowhmtn/Build/Intermediates.noindex/IntPerInt.build/Debug/IntPerInt.build/Objects-normal/arm64/IntPerInt-OutputFileMap.json -use-frontend-parseable-output -save-temps -no-color-diagnostics -serialize-diagnostics -emit-dependencies -emit-module -emit-module-path /Users/0xt4/Library/Developer/Xcode/DerivedData/IntPerInt-droxnoxejwlnnzcctvclnwowhmtn/Build/Intermediates.noindex/IntPerInt.build/Debug/IntPerInt.build/Objects-normal/arm64/IntPerInt.swiftmodule -validate-clang-modules-once -clang-build-session-file /Users/0xt4/Library/Developer/Xcode/DerivedData/ModuleCache.noindex/Session.modulevalidation -Xcc -I/Users/0xt4/Library/Developer/Xcode/DerivedData/IntPerInt-droxnoxejwlnnzcctvclnwowhmtn/Build/Intermediates.noindex/IntPerInt.build/Debug/IntPerInt.build/swift-overrides.hmap -emit-const-values -Xfrontend -const-gather-protocols-file -Xfrontend /Users/0xt4/Library/Developer/Xcode/DerivedData/IntPerInt-droxnoxejwlnnzcctvclnwowhmtn/Build/Intermediates.noindex/IntPerInt.build/Debug/IntPerInt.build/Objects-normal/arm64/IntPerInt_const_extract_protocols.json -Xcc -iquote -Xcc /Users/0xt4/Library/Developer/Xcode/DerivedData/IntPerInt-droxnoxejwlnnzcctvclnwowhmtn/Build/Intermediates.noindex/IntPerInt.build/Debug/IntPerInt.build/IntPerInt-generated-files.hmap -Xcc -I/Users/0xt4/Library/Developer/Xcode/DerivedData/IntPerInt-droxnoxejwlnnzcctvclnwowhmtn/Build/Intermediates.noindex/IntPerInt.build/Debug/IntPerInt.build/IntPerInt-own-target-headers.hmap -Xcc -I/Users/0xt4/Library/Developer/Xcode/DerivedData/IntPerInt-droxnoxejwlnnzcctvclnwowhmtn/Build/Intermediates.noindex/IntPerInt.build/Debug/IntPerInt.build/IntPerInt-all-target-headers.hmap -Xcc -iquote -Xcc /Users/0xt4/Library/Developer/Xcode/DerivedData/IntPerInt-droxnoxejwlnnzcctvclnwowhmtn/Build/Intermediates.noindex/IntPerInt.build/Debug/IntPerInt.build/IntPerInt-project-headers.hmap -Xcc -I/Users/0xt4/Library/Developer/Xcode/DerivedData/IntPerInt-droxnoxejwlnnzcctvclnwowhmtn/Build/Products/Debug/include -Xcc -I/Users/0xt4/Library/Developer/Xcode/DerivedData/IntPerInt-droxnoxejwlnnzcctvclnwowhmtn/Build/Intermediates.noindex/IntPerInt.build/Debug/IntPerInt.build/DerivedSources-normal/arm64 -Xcc -I/Users/0xt4/Library/Developer/Xcode/DerivedData/IntPerInt-droxnoxejwlnnzcctvclnwowhmtn/Build/Intermediates.noindex/IntPerInt.build/Debug/IntPerInt.build/DerivedSources/arm64 -Xcc -I/Users/0xt4/Library/Developer/Xcode/DerivedData/IntPerInt-droxnoxejwlnnzcctvclnwowhmtn/Build/Intermediates.noindex/IntPerInt.build/Debug/IntPerInt.build/DerivedSources -Xcc -DDEBUG\=1 -emit-objc-header -emit-objc-header-path /Users/0xt4/Library/Developer/Xcode/DerivedData/IntPerInt-droxnoxejwlnnzcctvclnwowhmtn/Build/Intermediates.noindex/IntPerInt.build/Debug/IntPerInt.build/Objects-normal/arm64/IntPerInt-Swift.h -import-objc-header /Users/0xt4/Projects/IntPerInt/IntPerInt/IntPerInt-Bridging-Header.h -pch-output-dir /Users/0xt4/Library/Developer/Xcode/DerivedData/IntPerInt-droxnoxejwlnnzcctvclnwowhmtn/Build/Intermediates.noindex/PrecompiledHeaders -working-directory /Users/0xt4/Projects/IntPerInt -experimental-emit-module-separately -disable-cmo

Ld /Users/0xt4/Library/Developer/Xcode/DerivedData/IntPerInt-droxnoxejwlnnzcctvclnwowhmtn/Build/Products/Debug/IntPerInt.app/Contents/MacOS/IntPerInt.debug.dylib normal (in target 'IntPerInt' from project 'IntPerInt')
    cd /Users/0xt4/Projects/IntPerInt
    /Applications/Xcode.app/Contents/Developer/Toolchains/XcodeDefault.xctoolchain/usr/bin/clang++ -Xlinker -reproducible -target arm64-apple-macos13.0 -dynamiclib -isysroot /Applications/Xcode.app/Contents/Developer/Platforms/MacOSX.platform/Developer/SDKs/MacOSX15.5.sdk -O0 -L/Users/0xt4/Library/Developer/Xcode/DerivedData/IntPerInt-droxnoxejwlnnzcctvclnwowhmtn/Build/Intermediates.noindex/EagerLinkingTBDs/Debug -L/Users/0xt4/Library/Developer/Xcode/DerivedData/IntPerInt-droxnoxejwlnnzcctvclnwowhmtn/Build/Products/Debug -F/Users/0xt4/Library/Developer/Xcode/DerivedData/IntPerInt-droxnoxejwlnnzcctvclnwowhmtn/Build/Intermediates.noindex/EagerLinkingTBDs/Debug -F/Users/0xt4/Library/Developer/Xcode/DerivedData/IntPerInt-droxnoxejwlnnzcctvclnwowhmtn/Build/Products/Debug -filelist /Users/0xt4/Library/Developer/Xcode/DerivedData/IntPerInt-droxnoxejwlnnzcctvclnwowhmtn/Build/Intermediates.noindex/IntPerInt.build/Debug/IntPerInt.build/Objects-normal/arm64/IntPerInt.LinkFileList -install_name @rpath/IntPerInt.debug.dylib -Xlinker -rpath -Xlinker @executable_path/../Frameworks -Xlinker -object_path_lto -Xlinker /Users/0xt4/Library/Developer/Xcode/DerivedData/IntPerInt-droxnoxejwlnnzcctvclnwowhmtn/Build/Intermediates.noindex/IntPerInt.build/Debug/IntPerInt.build/Objects-normal/arm64/IntPerInt_lto.o -rdynamic -Xlinker -no_deduplicate -Xlinker -debug_variant -Xlinker -dependency_info -Xlinker /Users/0xt4/Library/Developer/Xcode/DerivedData/IntPerInt-droxnoxejwlnnzcctvclnwowhmtn/Build/Intermediates.noindex/IntPerInt.build/Debug/IntPerInt.build/Objects-normal/arm64/IntPerInt_dependency_info.dat -fobjc-arc -fobjc-link-runtime -fprofile-instr-generate -L/Applications/Xcode.app/Contents/Developer/Toolchains/XcodeDefault.xctoolchain/usr/lib/swift/macosx -L/usr/lib/swift -Xlinker -add_ast_path -Xlinker /Users/0xt4/Library/Developer/Xcode/DerivedData/IntPerInt-droxnoxejwlnnzcctvclnwowhmtn/Build/Intermediates.noindex/IntPerInt.build/Debug/IntPerInt.build/Objects-normal/arm64/IntPerInt.swiftmodule -Xlinker -alias -Xlinker _main -Xlinker ___debug_main_executable_dylib_entry_point -Xlinker -no_adhoc_codesign -o /Users/0xt4/Library/Developer/Xcode/DerivedData/IntPerInt-droxnoxejwlnnzcctvclnwowhmtn/Build/Products/Debug/IntPerInt.app/Contents/MacOS/IntPerInt.debug.dylib

ConstructStubExecutorLinkFileList /Users/0xt4/Library/Developer/Xcode/DerivedData/IntPerInt-droxnoxejwlnnzcctvclnwowhmtn/Build/Intermediates.noindex/IntPerInt.build/Debug/IntPerInt.build/IntPerInt-ExecutorLinkFileList-normal-arm64.txt (in target 'IntPerInt' from project 'IntPerInt')
    cd /Users/0xt4/Projects/IntPerInt
    construct-stub-executor-link-file-list /Users/0xt4/Library/Developer/Xcode/DerivedData/IntPerInt-droxnoxejwlnnzcctvclnwowhmtn/Build/Products/Debug/IntPerInt.app/Contents/MacOS/IntPerInt.debug.dylib /Applications/Xcode.app/Contents/Developer/Platforms/MacOSX.platform/Developer/usr/lib/libPreviewsJITStubExecutor_no_swift_entry_point.a /Applications/Xcode.app/Contents/Developer/Platforms/MacOSX.platform/Developer/usr/lib/libPreviewsJITStubExecutor.a --output /Users/0xt4/Library/Developer/Xcode/DerivedData/IntPerInt-droxnoxejwlnnzcctvclnwowhmtn/Build/Intermediates.noindex/IntPerInt.build/Debug/IntPerInt.build/IntPerInt-ExecutorLinkFileList-normal-arm64.txt
note: Using stub executor library with Swift entry point. (in target 'IntPerInt' from project 'IntPerInt')

Ld /Users/0xt4/Library/Developer/Xcode/DerivedData/IntPerInt-droxnoxejwlnnzcctvclnwowhmtn/Build/Products/Debug/IntPerInt.app/Contents/MacOS/IntPerInt normal (in target 'IntPerInt' from project 'IntPerInt')
    cd /Users/0xt4/Projects/IntPerInt
    /Applications/Xcode.app/Contents/Developer/Toolchains/XcodeDefault.xctoolchain/usr/bin/clang++ -Xlinker -reproducible -target arm64-apple-macos13.0 -isysroot /Applications/Xcode.app/Contents/Developer/Platforms/MacOSX.platform/Developer/SDKs/MacOSX15.5.sdk -O0 -L/Users/0xt4/Library/Developer/Xcode/DerivedData/IntPerInt-droxnoxejwlnnzcctvclnwowhmtn/Build/Products/Debug -F/Users/0xt4/Library/Developer/Xcode/DerivedData/IntPerInt-droxnoxejwlnnzcctvclnwowhmtn/Build/Products/Debug -Xlinker -rpath -Xlinker @executable_path -Xlinker -rpath -Xlinker @executable_path/../Frameworks -rdynamic -Xlinker -no_deduplicate -Xlinker -debug_variant -e ___debug_blank_executor_main -Xlinker -sectcreate -Xlinker __TEXT -Xlinker __debug_dylib -Xlinker /Users/0xt4/Library/Developer/Xcode/DerivedData/IntPerInt-droxnoxejwlnnzcctvclnwowhmtn/Build/Intermediates.noindex/IntPerInt.build/Debug/IntPerInt.build/IntPerInt-DebugDylibPath-normal-arm64.txt -Xlinker -sectcreate -Xlinker __TEXT -Xlinker __debug_instlnm -Xlinker /Users/0xt4/Library/Developer/Xcode/DerivedData/IntPerInt-droxnoxejwlnnzcctvclnwowhmtn/Build/Intermediates.noindex/IntPerInt.build/Debug/IntPerInt.build/IntPerInt-DebugDylibInstallName-normal-arm64.txt -Xlinker -filelist -Xlinker /Users/0xt4/Library/Developer/Xcode/DerivedData/IntPerInt-droxnoxejwlnnzcctvclnwowhmtn/Build/Intermediates.noindex/IntPerInt.build/Debug/IntPerInt.build/IntPerInt-ExecutorLinkFileList-normal-arm64.txt /Users/0xt4/Library/Developer/Xcode/DerivedData/IntPerInt-droxnoxejwlnnzcctvclnwowhmtn/Build/Products/Debug/IntPerInt.app/Contents/MacOS/IntPerInt.debug.dylib -Xlinker -no_adhoc_codesign -o /Users/0xt4/Library/Developer/Xcode/DerivedData/IntPerInt-droxnoxejwlnnzcctvclnwowhmtn/Build/Products/Debug/IntPerInt.app/Contents/MacOS/IntPerInt

CopySwiftLibs /Users/0xt4/Library/Developer/Xcode/DerivedData/IntPerInt-droxnoxejwlnnzcctvclnwowhmtn/Build/Products/Debug/IntPerInt.app (in target 'IntPerInt' from project 'IntPerInt')
    cd /Users/0xt4/Projects/IntPerInt
    builtin-swiftStdLibTool --copy --verbose --sign - --scan-executable /Users/0xt4/Library/Developer/Xcode/DerivedData/IntPerInt-droxnoxejwlnnzcctvclnwowhmtn/Build/Products/Debug/IntPerInt.app/Contents/MacOS/IntPerInt.debug.dylib --scan-folder /Users/0xt4/Library/Developer/Xcode/DerivedData/IntPerInt-droxnoxejwlnnzcctvclnwowhmtn/Build/Products/Debug/IntPerInt.app/Contents/Frameworks --scan-folder /Users/0xt4/Library/Developer/Xcode/DerivedData/IntPerInt-droxnoxejwlnnzcctvclnwowhmtn/Build/Products/Debug/IntPerInt.app/Contents/PlugIns --scan-folder /Users/0xt4/Library/Developer/Xcode/DerivedData/IntPerInt-droxnoxejwlnnzcctvclnwowhmtn/Build/Products/Debug/IntPerInt.app/Contents/Library/SystemExtensions --scan-folder /Users/0xt4/Library/Developer/Xcode/DerivedData/IntPerInt-droxnoxejwlnnzcctvclnwowhmtn/Build/Products/Debug/IntPerInt.app/Contents/Extensions --platform macosx --toolchain /Applications/Xcode.app/Contents/Developer/Toolchains/XcodeDefault.xctoolchain --destination /Users/0xt4/Library/Developer/Xcode/DerivedData/IntPerInt-droxnoxejwlnnzcctvclnwowhmtn/Build/Products/Debug/IntPerInt.app/Contents/Frameworks --strip-bitcode --strip-bitcode-tool /Applications/Xcode.app/Contents/Developer/Toolchains/XcodeDefault.xctoolchain/usr/bin/bitcode_strip --emit-dependency-info /Users/0xt4/Library/Developer/Xcode/DerivedData/IntPerInt-droxnoxejwlnnzcctvclnwowhmtn/Build/Intermediates.noindex/IntPerInt.build/Debug/IntPerInt.build/SwiftStdLibToolInputDependencies.dep --filter-for-swift-os

ExtractAppIntentsMetadata (in target 'IntPerInt' from project 'IntPerInt')
    cd /Users/0xt4/Projects/IntPerInt
    /Applications/Xcode.app/Contents/Developer/Toolchains/XcodeDefault.xctoolchain/usr/bin/appintentsmetadataprocessor --toolchain-dir /Applications/Xcode.app/Contents/Developer/Toolchains/XcodeDefault.xctoolchain --module-name IntPerInt --sdk-root /Applications/Xcode.app/Contents/Developer/Platforms/MacOSX.platform/Developer/SDKs/MacOSX15.5.sdk --xcode-version 16F6 --platform-family macOS --deployment-target 13.0 --bundle-identifier com.example.IntPerInt --output /Users/0xt4/Library/Developer/Xcode/DerivedData/IntPerInt-droxnoxejwlnnzcctvclnwowhmtn/Build/Products/Debug/IntPerInt.app/Contents/Resources --target-triple arm64-apple-macos13.0 --binary-file /Users/0xt4/Library/Developer/Xcode/DerivedData/IntPerInt-droxnoxejwlnnzcctvclnwowhmtn/Build/Products/Debug/IntPerInt.app/Contents/MacOS/IntPerInt --dependency-file /Users/0xt4/Library/Developer/Xcode/DerivedData/IntPerInt-droxnoxejwlnnzcctvclnwowhmtn/Build/Intermediates.noindex/IntPerInt.build/Debug/IntPerInt.build/Objects-normal/arm64/IntPerInt_dependency_info.dat --stringsdata-file /Users/0xt4/Library/Developer/Xcode/DerivedData/IntPerInt-droxnoxejwlnnzcctvclnwowhmtn/Build/Intermediates.noindex/IntPerInt.build/Debug/IntPerInt.build/Objects-normal/arm64/ExtractedAppShortcutsMetadata.stringsdata --source-file-list /Users/0xt4/Library/Developer/Xcode/DerivedData/IntPerInt-droxnoxejwlnnzcctvclnwowhmtn/Build/Intermediates.noindex/IntPerInt.build/Debug/IntPerInt.build/Objects-normal/arm64/IntPerInt.SwiftFileList --metadata-file-list /Users/0xt4/Library/Developer/Xcode/DerivedData/IntPerInt-droxnoxejwlnnzcctvclnwowhmtn/Build/Intermediates.noindex/IntPerInt.build/Debug/IntPerInt.build/IntPerInt.DependencyMetadataFileList --static-metadata-file-list /Users/0xt4/Library/Developer/Xcode/DerivedData/IntPerInt-droxnoxejwlnnzcctvclnwowhmtn/Build/Intermediates.noindex/IntPerInt.build/Debug/IntPerInt.build/IntPerInt.DependencyStaticMetadataFileList --swift-const-vals-list /Users/0xt4/Library/Developer/Xcode/DerivedData/IntPerInt-droxnoxejwlnnzcctvclnwowhmtn/Build/Intermediates.noindex/IntPerInt.build/Debug/IntPerInt.build/Objects-normal/arm64/IntPerInt.SwiftConstValuesFileList --compile-time-extraction --deployment-aware-processing --validate-assistant-intents --no-app-shortcuts-localization
2025-08-18 10:45:53.069 appintentsmetadataprocessor[10619:3482824] Starting appintentsmetadataprocessor export
2025-08-18 10:45:53.070 appintentsmetadataprocessor[10619:3482824] warning: Metadata extraction skipped. No AppIntents.framework dependency found.

CodeSign /Users/0xt4/Library/Developer/Xcode/DerivedData/IntPerInt-droxnoxejwlnnzcctvclnwowhmtn/Build/Products/Debug/IntPerInt.app/Contents/MacOS/IntPerInt.debug.dylib (in target 'IntPerInt' from project 'IntPerInt')
    cd /Users/0xt4/Projects/IntPerInt
    
    Signing Identity:     "Sign to Run Locally"
    
    /usr/bin/codesign --force --sign - --timestamp\=none --generate-entitlement-der /Users/0xt4/Library/Developer/Xcode/DerivedData/IntPerInt-droxnoxejwlnnzcctvclnwowhmtn/Build/Products/Debug/IntPerInt.app/Contents/MacOS/IntPerInt.debug.dylib

CodeSign /Users/0xt4/Library/Developer/Xcode/DerivedData/IntPerInt-droxnoxejwlnnzcctvclnwowhmtn/Build/Products/Debug/IntPerInt.app/Contents/MacOS/__preview.dylib (in target 'IntPerInt' from project 'IntPerInt')
    cd /Users/0xt4/Projects/IntPerInt
    
    Signing Identity:     "Sign to Run Locally"
    
    /usr/bin/codesign --force --sign - --timestamp\=none --generate-entitlement-der /Users/0xt4/Library/Developer/Xcode/DerivedData/IntPerInt-droxnoxejwlnnzcctvclnwowhmtn/Build/Products/Debug/IntPerInt.app/Contents/MacOS/__preview.dylib

CodeSign /Users/0xt4/Library/Developer/Xcode/DerivedData/IntPerInt-droxnoxejwlnnzcctvclnwowhmtn/Build/Products/Debug/IntPerInt.app (in target 'IntPerInt' from project 'IntPerInt')
    cd /Users/0xt4/Projects/IntPerInt
    
    Signing Identity:     "Sign to Run Locally"
    
    /usr/bin/codesign --force --sign - --entitlements /Users/0xt4/Library/Developer/Xcode/DerivedData/IntPerInt-droxnoxejwlnnzcctvclnwowhmtn/Build/Intermediates.noindex/IntPerInt.build/Debug/IntPerInt.build/IntPerInt.app.xcent --timestamp\=none --generate-entitlement-der /Users/0xt4/Library/Developer/Xcode/DerivedData/IntPerInt-droxnoxejwlnnzcctvclnwowhmtn/Build/Products/Debug/IntPerInt.app

RegisterExecutionPolicyException /Users/0xt4/Library/Developer/Xcode/DerivedData/IntPerInt-droxnoxejwlnnzcctvclnwowhmtn/Build/Products/Debug/IntPerInt.app (in target 'IntPerInt' from project 'IntPerInt')
    cd /Users/0xt4/Projects/IntPerInt
    builtin-RegisterExecutionPolicyException /Users/0xt4/Library/Developer/Xcode/DerivedData/IntPerInt-droxnoxejwlnnzcctvclnwowhmtn/Build/Products/Debug/IntPerInt.app

Validate /Users/0xt4/Library/Developer/Xcode/DerivedData/IntPerInt-droxnoxejwlnnzcctvclnwowhmtn/Build/Products/Debug/IntPerInt.app (in target 'IntPerInt' from project 'IntPerInt')
    cd /Users/0xt4/Projects/IntPerInt
    builtin-validationUtility /Users/0xt4/Library/Developer/Xcode/DerivedData/IntPerInt-droxnoxejwlnnzcctvclnwowhmtn/Build/Products/Debug/IntPerInt.app -no-validate-extension -infoplist-subpath Contents/Info.plist

Touch /Users/0xt4/Library/Developer/Xcode/DerivedData/IntPerInt-droxnoxejwlnnzcctvclnwowhmtn/Build/Products/Debug/IntPerInt.app (in target 'IntPerInt' from project 'IntPerInt')
    cd /Users/0xt4/Projects/IntPerInt
    /usr/bin/touch -c /Users/0xt4/Library/Developer/Xcode/DerivedData/IntPerInt-droxnoxejwlnnzcctvclnwowhmtn/Build/Products/Debug/IntPerInt.app

RegisterWithLaunchServices /Users/0xt4/Library/Developer/Xcode/DerivedData/IntPerInt-droxnoxejwlnnzcctvclnwowhmtn/Build/Products/Debug/IntPerInt.app (in target 'IntPerInt' from project 'IntPerInt')
    cd /Users/0xt4/Projects/IntPerInt
    /System/Library/Frameworks/CoreServices.framework/Versions/Current/Frameworks/LaunchServices.framework/Versions/Current/Support/lsregister -f -R -trusted /Users/0xt4/Library/Developer/Xcode/DerivedData/IntPerInt-droxnoxejwlnnzcctvclnwowhmtn/Build/Products/Debug/IntPerInt.app

** BUILD SUCCEEDED **

